// dataflow 1.2.0.M1 log opened at 2016-04-21 17:21:10
// dataflow 1.2.0.M1 log opened at 2016-04-21 17:27:18
// dataflow 1.2.0.M1 log opened at 2016-04-21 17:30:30
// dataflow 1.2.0.M1 log opened at 2016-04-21 17:31:01
// [failed] stream create ticktock --definition "time | log" --deploy
// dataflow 1.2.0.M1 log opened at 2016-04-21 17:43:54
// [failed] stream create ticktock --definition "time | log" --deploy
module list
// dataflow 1.2.0.M1 log opened at 2016-04-21 18:01:22
module list
module list
module list
module list
module list
clear
module register --name custom-log --type sink --uri maven://com.lukeshannon.springcloud:SpringCloudLoggingSink
module list
stream create --name time-to-log --definition 'time | custom-log'
// [failed] stream deploy -name time-to-log
// dataflow 1.2.0.M1 log opened at 2016-04-21 18:38:22
module list
// dataflow 1.2.0.M1 log opened at 2016-04-21 18:41:05
module list
// dataflow 1.2.0.M1 log opened at 2016-04-21 18:43:01
module list
// [failed] stream create ticktock --definition "time | log" --deploy
// dataflow 1.2.0.M1 log opened at 2016-04-21 19:04:35
// [failed] stream create --name time-to-log --definition 'time | custom-log' --deploy
// [failed] stream create ticktock --definition "time | log" --deploy
// dataflow 1.2.0.M1 log opened at 2016-04-21 19:07:02
// [failed] stream create ticktock --definition "time | log" --deploy
// dataflow 1.2.0.M1 log opened at 2016-04-21 19:10:06
// dataflow 1.2.0.M1 log opened at 2016-04-21 19:10:32
// dataflow 1.2.0.M1 log opened at 2016-04-21 19:11:39
stream create ticktock --definition "time | log" --deploy
// dataflow 1.2.0.M1 log opened at 2016-04-22 14:41:22
dataflow config server http://spring-cloud-server.cfapps.io/
stream create ticktock --definition "time | log" --deploy
stream create --name mysqlstream --definition "http | jdbc --includes='mysql:mysql-connector-java:5.1.37' --spring.datasource.url='jdbc:mysql://us-cdbr-iron-east-03.cleardb.net:3306/ad_dc6ee684e856a63' --spring.datasource.username=b28a0a994878d4 --spring.datasource.password=d2b11c1a --tableName=strings --columns=string --spring.datasource.driverClassName=com.mysql.jdbc.Driver --initialize=true" --deploy
stream create --name lukehttp2sqlstream --definition "http | jdbc --includes='mysql:mysql-connector-java:5.1.37' --spring.datasource.url='jdbc:mysql://us-cdbr-iron-east-03.cleardb.net:3306/ad_dc6ee684e856a63' --spring.datasource.username=b28a0a994878d4 --spring.datasource.password=d2b11c1a --tableName=strings --columns=string --spring.datasource.driverClassName=com.mysql.jdbc.Driver --initialize=true" --deploy
// [failed] stream create --name lukehttp2sqlstream --definition "http | jdbc --includes='mysql:mysql-connector-java:5.1.37' --spring.datasource.url='jdbc:mysql://us-cdbr-iron-east-03.cleardb.net:3306/ad_dc6ee684e856a63' --spring.datasource.username=b28a0a994878d4 --spring.datasource.password=d2b11c1a --tableName=strings --columns=string --spring.datasource.driverClassName=com.mysql.jdbc.Driver --initialize=true" --deploy
stream destroy lukehttp2sqlstream
stream create --name lukehttp2sqlstream --definition "http | jdbc --includes='mysql:mysql-connector-java:5.1.37' --spring.datasource.url='jdbc:mysql://us-cdbr-iron-east-03.cleardb.net:3306/ad_dc6ee684e856a63' --spring.datasource.username=b28a0a994878d4 --spring.datasource.password=d2b11c1a --tableName=strings --columns=string --spring.datasource.driverClassName=com.mysql.jdbc.Driver --initialize=true" --deploy
stream list
stream deploy lukehttp2sqlstream
stream list
